<?xml version="1.0" encoding="UTF-8"?>
<!-- Generated by org.testng.reporters.JUnitReportReporter -->
<testsuite skipped="1" hostname="CYBERSPACE" name="Testcases.checknavigatetoforgotpassword" tests="1" failures="0" timestamp="2020-10-15T12:46:17 IST" time="0.000" errors="0">
  <testcase name="checkforgotpasswordlink" time="0.000" classname="Testcases.checknavigatetoforgotpassword">
    <skipped/>
  </testcase> <!-- checkforgotpasswordlink -->
  <system-out/>
</testsuite> <!-- Testcases.checknavigatetoforgotpassword -->
