<?xml version="1.0" encoding="UTF-8"?>
<!-- Generated by org.testng.reporters.JUnitReportReporter -->
<testsuite skipped="0" hostname="CYBERSPACE" name="Testcases.checkpasswordfieldpresent" tests="1" failures="0" timestamp="2020-10-15T14:58:13 IST" time="0.260" errors="0">
  <testcase name="checkpasswordfieldpresent" time="0.260" classname="Testcases.checkpasswordfieldpresent"/>
  <system-out/>
</testsuite> <!-- Testcases.checkpasswordfieldpresent -->
