<?xml version="1.0" encoding="UTF-8"?>
<!-- Generated by org.testng.reporters.JUnitReportReporter -->
<testsuite skipped="0" hostname="CYBERSPACE" name="Testcases.checkloginbtnpresent" tests="1" failures="0" timestamp="2020-10-19T11:53:15 IST" time="0.109" errors="0">
  <testcase name="checkloginbuttonpresent" time="0.109" classname="Testcases.checkloginbtnpresent"/>
  <system-out/>
</testsuite> <!-- Testcases.checkloginbtnpresent -->
