<?xml version="1.0" encoding="UTF-8"?>
<!-- Generated by org.testng.reporters.JUnitReportReporter -->
<testsuite skipped="1" hostname="CYBERSPACE" name="Testcases.checkcinputtype" tests="1" failures="0" timestamp="2020-10-13T17:23:38 IST" time="0.000" errors="0">
  <testcase name="checkemailformaterror" time="0.000" classname="Testcases.checkcinputtype">
    <skipped/>
  </testcase> <!-- checkemailformaterror -->
  <system-out/>
</testsuite> <!-- Testcases.checkcinputtype -->
