<?xml version="1.0" encoding="UTF-8"?>
<!-- Generated by org.testng.reporters.JUnitReportReporter -->
<testsuite skipped="0" hostname="CYBERSPACE" name="Testcases.checkwithusernamenull" tests="1" failures="0" timestamp="2020-10-14T12:19:50 IST" time="0.260" errors="0">
  <testcase name="checkwithusernameempty" time="0.260" classname="Testcases.checkwithusernamenull"/>
  <system-out/>
</testsuite> <!-- Testcases.checkwithusernamenull -->
