<?xml version="1.0" encoding="UTF-8"?>
<!-- Generated by org.testng.reporters.JUnitReportReporter -->
<testsuite skipped="1" hostname="CYBERSPACE" name="Testcases.checkforgotpassword_LoginLink" tests="1" failures="0" timestamp="2020-10-13T17:23:38 IST" time="0.000" errors="0">
  <testcase name="checkemailnotexist" time="0.000" classname="Testcases.checkforgotpassword_LoginLink">
    <skipped/>
  </testcase> <!-- checkemailnotexist -->
  <system-out/>
</testsuite> <!-- Testcases.checkforgotpassword_LoginLink -->
