<?xml version="1.0" encoding="UTF-8"?>
<!-- Generated by org.testng.reporters.JUnitReportReporter -->
<testsuite skipped="1" hostname="CYBERSPACE" name="Testcases.checkloginbtnpresent" tests="1" failures="0" timestamp="2020-10-13T17:23:38 IST" time="0.000" errors="0">
  <testcase name="checkloginbuttonpresent" time="0.000" classname="Testcases.checkloginbtnpresent">
    <skipped/>
  </testcase> <!-- checkloginbuttonpresent -->
  <system-out/>
</testsuite> <!-- Testcases.checkloginbtnpresent -->
