<?xml version="1.0" encoding="UTF-8"?>
<!-- Generated by org.testng.reporters.JUnitReportReporter -->
<testsuite skipped="1" hostname="CYBERSPACE" name="Testcases.checkwithnumalphabetsspecialcharacters" tests="1" failures="0" timestamp="2020-10-13T17:23:38 IST" time="0.000" errors="0">
  <testcase name="checkuseridfield" time="0.000" classname="Testcases.checkwithnumalphabetsspecialcharacters">
    <skipped/>
  </testcase> <!-- checkuseridfield -->
  <system-out/>
</testsuite> <!-- Testcases.checkwithnumalphabetsspecialcharacters -->
