<?xml version="1.0" encoding="UTF-8"?>
<!-- Generated by org.testng.reporters.JUnitReportReporter -->
<testsuite skipped="0" hostname="CYBERSPACE" name="Testcases.checkwithusernamenull" tests="1" failures="0" timestamp="2020-10-15T13:34:07 IST" time="0.175" errors="0">
  <testcase name="checkwithusernameempty" time="0.175" classname="Testcases.checkwithusernamenull"/>
  <system-out/>
</testsuite> <!-- Testcases.checkwithusernamenull -->
